<?xml version="1.0" encoding="UTF-8"?>
<!-- Generated by org.testng.reporters.JUnitReportReporter -->
<testsuite skipped="0" hostname="Admin-PC" name="test.CreateStudentPosIT" tests="1" failures="0" timestamp="21 jul 2018 03:13:08 GMT" time="0.890" errors="0">
  <testcase name="createStudent" time="0.890" classname="test.CreateStudentPosIT"/>
</testsuite> <!-- test.CreateStudentPosIT -->
