<?xml version="1.0" encoding="UTF-8"?>
<!-- Generated by org.testng.reporters.JUnitReportReporter -->
<testsuite skipped="0" hostname="Admin-PC" name="test.ListStudentIT" tests="1" failures="0" timestamp="20 jul 2018 23:16:30 GMT" time="0.778" errors="0">
  <testcase name="listStudentProgrammeLimit" time="0.778" classname="test.ListStudentIT"/>
</testsuite> <!-- test.ListStudentIT -->
