<?xml version="1.0" encoding="UTF-8"?>
<!-- Generated by org.testng.reporters.JUnitReportReporter -->
<testsuite skipped="0" hostname="Admin-PC" name="test.UpdateEmailStudentPatch" tests="1" failures="0" timestamp="21 jul 2018 01:44:00 GMT" time="3.874" errors="0">
  <testcase name="updateEmail" time="3.874" classname="test.UpdateEmailStudentPatch"/>
</testsuite> <!-- test.UpdateEmailStudentPatch -->
