<?xml version="1.0" encoding="UTF-8"?>
<!-- Generated by org.testng.reporters.JUnitReportReporter -->
<testsuite skipped="0" hostname="Admin-PC" name="test.DeleteStudent" tests="1" failures="0" timestamp="21 jul 2018 01:56:09 GMT" time="2.136" errors="0">
  <testcase name="deleteEmail" time="2.136" classname="test.DeleteStudent"/>
</testsuite> <!-- test.DeleteStudent -->
