<?xml version="1.0" encoding="UTF-8"?>
<!-- Generated by org.testng.reporters.JUnitReportReporter -->
<testsuite skipped="0" hostname="Admin-PC" name="test.CreateStudentPosIT" tests="1" failures="0" timestamp="21 jul 2018 10:02:18 GMT" time="1.306" errors="0">
  <testcase name="createStudent" time="1.306" classname="test.CreateStudentPosIT"/>
</testsuite> <!-- test.CreateStudentPosIT -->
