<?xml version="1.0" encoding="UTF-8"?>
<!-- Generated by org.testng.reporters.JUnitReportReporter -->
<testsuite skipped="0" hostname="Admin-PC" name="test.DeleteStudent" tests="1" failures="0" timestamp="21 jul 2018 10:16:49 GMT" time="0.880" errors="0">
  <testcase name="deleteStudent" time="0.880" classname="test.DeleteStudent"/>
</testsuite> <!-- test.DeleteStudent -->
