<?xml version="1.0" encoding="UTF-8"?>
<!-- Generated by org.testng.reporters.JUnitReportReporter -->
<testsuite skipped="0" hostname="Admin-PC" name="test.UpdateStudentPutIT" tests="1" failures="0" timestamp="21 jul 2018 10:13:25 GMT" time="0.915" errors="0">
  <testcase name="updateStudent" time="0.915" classname="test.UpdateStudentPutIT"/>
</testsuite> <!-- test.UpdateStudentPutIT -->
