<?xml version="1.0" encoding="UTF-8"?>
<!-- Generated by org.testng.reporters.JUnitReportReporter -->
<testsuite skipped="0" hostname="Admin-PC" name="test.ListStudentGetIT" tests="1" failures="0" timestamp="21 jul 2018 09:57:05 GMT" time="0.755" errors="0">
  <testcase name="listStudentProgrammeLimit" time="0.755" classname="test.ListStudentGetIT"/>
</testsuite> <!-- test.ListStudentGetIT -->
