<?xml version="1.0" encoding="UTF-8"?>
<!-- Generated by org.testng.reporters.JUnitReportReporter -->
<testsuite skipped="0" hostname="Admin-PC" name="test.UpdateStudentPutIT" tests="1" failures="0" timestamp="21 jul 2018 00:42:08 GMT" time="0.897" errors="0">
  <testcase name="updateStudent" time="0.897" classname="test.UpdateStudentPutIT"/>
</testsuite> <!-- test.UpdateStudentPutIT -->
